119 : 2022-06-29 08:08:22,522 : INFO : telemetry.main : Attempt start. Configuration directory [/home/malebo/.azure].
119 : 2022-06-29 08:08:22,522 : INFO : telemetry.check : Positive: The /home/malebo/.azure/telemetry.txt does not exist.
119 : 2022-06-29 08:08:22,522 : DEBUG : telemetry.note : acquiring lock
119 : 2022-06-29 08:08:22,522 : DEBUG : telemetry.note : acquired lock
119 : 2022-06-29 08:08:22,522 : INFO : telemetry.note : Update the note mtime to 2022-06-29 08:08:22.522754
119 : 2022-06-29 08:08:22,522 : WARNING : telemetry.note : Fail to parse or read the timestamp 'N/A' in the note file. Set the last send time to minimal. Reason: not readable
119 : 2022-06-29 08:08:22,523 : INFO : telemetry.records : No cache to be uploaded.
119 : 2022-06-29 08:08:22,523 : INFO : telemetry.client : Accumulated 0 events. Flush the clients.
119 : 2022-06-29 08:08:22,523 : INFO : telemetry.note : Update the last send in note to 0001-01-01 00:00:00
119 : 2022-06-29 08:08:22,523 : INFO : telemetry.note : Update the note mtime to 2022-06-29 08:08:22.523518
109 : 2022-06-29 12:42:58,256 : INFO : telemetry.main : Attempt start. Configuration directory [/home/malebo/.azure].
109 : 2022-06-29 12:42:58,260 : INFO : telemetry.check : Returns Positive.
109 : 2022-06-29 12:42:58,260 : DEBUG : telemetry.note : acquiring lock
109 : 2022-06-29 12:42:58,260 : DEBUG : telemetry.note : acquired lock
109 : 2022-06-29 12:42:58,260 : INFO : telemetry.note : Update the note mtime to 2022-06-29 12:42:58.260732
109 : 2022-06-29 12:42:58,266 : WARNING : telemetry.note : Fail to parse or read the timestamp '1-01-01T00:00:00' in the note file. Set the last send time to minimal. Reason: time data '1-01-01T00:00:00' does not match format '%Y-%m-%dT%H:%M:%S'
109 : 2022-06-29 12:42:58,267 : INFO : telemetry.records : No cache to be uploaded.
109 : 2022-06-29 12:42:58,267 : INFO : telemetry.client : Accumulated 0 events. Flush the clients.
109 : 2022-06-29 12:42:58,267 : INFO : telemetry.note : Update the last send in note to 0001-01-01 00:00:00
109 : 2022-06-29 12:42:58,267 : INFO : telemetry.note : Update the note mtime to 2022-06-29 12:42:58.267546
227 : 2022-06-29 13:16:51,605 : INFO : telemetry.main : Attempt start. Configuration directory [/home/malebo/.azure].
227 : 2022-06-29 13:16:51,606 : INFO : telemetry.check : Returns Positive.
227 : 2022-06-29 13:16:51,606 : DEBUG : telemetry.note : acquiring lock
227 : 2022-06-29 13:16:51,606 : DEBUG : telemetry.note : acquired lock
227 : 2022-06-29 13:16:51,606 : INFO : telemetry.note : Update the note mtime to 2022-06-29 13:16:51.606432
227 : 2022-06-29 13:16:51,607 : WARNING : telemetry.note : Fail to parse or read the timestamp '1-01-01T00:00:00' in the note file. Set the last send time to minimal. Reason: time data '1-01-01T00:00:00' does not match format '%Y-%m-%dT%H:%M:%S'
227 : 2022-06-29 13:16:51,607 : INFO : telemetry.records : No cache to be uploaded.
227 : 2022-06-29 13:16:51,608 : INFO : telemetry.client : Accumulated 0 events. Flush the clients.
227 : 2022-06-29 13:16:51,608 : INFO : telemetry.note : Update the last send in note to 0001-01-01 00:00:00
227 : 2022-06-29 13:16:51,608 : INFO : telemetry.note : Update the note mtime to 2022-06-29 13:16:51.608472
107 : 2022-06-30 11:18:25,002 : INFO : telemetry.main : Attempt start. Configuration directory [/home/malebo/.azure].
107 : 2022-06-30 11:18:25,019 : INFO : telemetry.check : Returns Positive.
107 : 2022-06-30 11:18:25,020 : DEBUG : telemetry.note : acquiring lock
107 : 2022-06-30 11:18:25,020 : DEBUG : telemetry.note : acquired lock
107 : 2022-06-30 11:18:25,020 : INFO : telemetry.note : Update the note mtime to 2022-06-30 11:18:25.020535
107 : 2022-06-30 11:18:25,038 : WARNING : telemetry.note : Fail to parse or read the timestamp '1-01-01T00:00:00' in the note file. Set the last send time to minimal. Reason: time data '1-01-01T00:00:00' does not match format '%Y-%m-%dT%H:%M:%S'
107 : 2022-06-30 11:18:25,038 : INFO : telemetry.records : No cache to be uploaded.
107 : 2022-06-30 11:18:25,038 : INFO : telemetry.client : Accumulated 0 events. Flush the clients.
107 : 2022-06-30 11:18:25,038 : INFO : telemetry.note : Update the last send in note to 0001-01-01 00:00:00
107 : 2022-06-30 11:18:25,039 : INFO : telemetry.note : Update the note mtime to 2022-06-30 11:18:25.039092
108 : 2022-06-30 13:11:43,541 : INFO : telemetry.main : Attempt start. Configuration directory [/home/malebo/.azure].
108 : 2022-06-30 13:11:43,546 : INFO : telemetry.check : Returns Positive.
108 : 2022-06-30 13:11:43,546 : DEBUG : telemetry.note : acquiring lock
108 : 2022-06-30 13:11:43,546 : DEBUG : telemetry.note : acquired lock
108 : 2022-06-30 13:11:43,547 : INFO : telemetry.note : Update the note mtime to 2022-06-30 13:11:43.547091
108 : 2022-06-30 13:11:43,640 : WARNING : telemetry.note : Fail to parse or read the timestamp '1-01-01T00:00:00' in the note file. Set the last send time to minimal. Reason: time data '1-01-01T00:00:00' does not match format '%Y-%m-%dT%H:%M:%S'
108 : 2022-06-30 13:11:43,640 : INFO : telemetry.records : No cache to be uploaded.
108 : 2022-06-30 13:11:43,640 : INFO : telemetry.client : Accumulated 0 events. Flush the clients.
108 : 2022-06-30 13:11:43,641 : INFO : telemetry.note : Update the last send in note to 0001-01-01 00:00:00
108 : 2022-06-30 13:11:43,641 : INFO : telemetry.note : Update the note mtime to 2022-06-30 13:11:43.641167
109 : 2022-07-22 07:09:16,114 : INFO : telemetry.main : Attempt start. Configuration directory [/home/malebo/.azure].
109 : 2022-07-22 07:09:16,119 : INFO : telemetry.check : Returns Positive.
109 : 2022-07-22 07:09:16,119 : DEBUG : telemetry.note : acquiring lock
109 : 2022-07-22 07:09:16,120 : DEBUG : telemetry.note : acquired lock
109 : 2022-07-22 07:09:16,120 : INFO : telemetry.note : Update the note mtime to 2022-07-22 07:09:16.120209
109 : 2022-07-22 07:09:16,127 : WARNING : telemetry.note : Fail to parse or read the timestamp '1-01-01T00:00:00' in the note file. Set the last send time to minimal. Reason: time data '1-01-01T00:00:00' does not match format '%Y-%m-%dT%H:%M:%S'
109 : 2022-07-22 07:09:16,127 : INFO : telemetry.records : No cache to be uploaded.
109 : 2022-07-22 07:09:16,127 : INFO : telemetry.client : Accumulated 0 events. Flush the clients.
109 : 2022-07-22 07:09:16,128 : INFO : telemetry.note : Update the last send in note to 0001-01-01 00:00:00
109 : 2022-07-22 07:09:16,128 : INFO : telemetry.note : Update the note mtime to 2022-07-22 07:09:16.128313
111 : 2022-08-01 17:38:12,534 : INFO : telemetry.main : Attempt start. Configuration directory [/home/malebo/.azure].
111 : 2022-08-01 17:38:12,539 : INFO : telemetry.check : Returns Positive.
111 : 2022-08-01 17:38:12,539 : DEBUG : telemetry.note : acquiring lock
111 : 2022-08-01 17:38:12,539 : DEBUG : telemetry.note : acquired lock
111 : 2022-08-01 17:38:12,539 : INFO : telemetry.note : Update the note mtime to 2022-08-01 17:38:12.539570
111 : 2022-08-01 17:38:12,547 : WARNING : telemetry.note : Fail to parse or read the timestamp '1-01-01T00:00:00' in the note file. Set the last send time to minimal. Reason: time data '1-01-01T00:00:00' does not match format '%Y-%m-%dT%H:%M:%S'
111 : 2022-08-01 17:38:12,547 : INFO : telemetry.records : No cache to be uploaded.
111 : 2022-08-01 17:38:12,547 : INFO : telemetry.client : Accumulated 0 events. Flush the clients.
111 : 2022-08-01 17:38:12,547 : INFO : telemetry.note : Update the last send in note to 0001-01-01 00:00:00
111 : 2022-08-01 17:38:12,547 : INFO : telemetry.note : Update the note mtime to 2022-08-01 17:38:12.547786
96 : 2022-08-15 07:28:45,348 : INFO : telemetry.main : Attempt start. Configuration directory [/home/malebo/.azure].
96 : 2022-08-15 07:28:45,353 : INFO : telemetry.check : Returns Positive.
96 : 2022-08-15 07:28:45,353 : DEBUG : telemetry.note : acquiring lock
96 : 2022-08-15 07:28:45,353 : DEBUG : telemetry.note : acquired lock
96 : 2022-08-15 07:28:45,354 : INFO : telemetry.note : Update the note mtime to 2022-08-15 07:28:45.354001
96 : 2022-08-15 07:28:45,381 : WARNING : telemetry.note : Fail to parse or read the timestamp '1-01-01T00:00:00' in the note file. Set the last send time to minimal. Reason: time data '1-01-01T00:00:00' does not match format '%Y-%m-%dT%H:%M:%S'
96 : 2022-08-15 07:28:45,382 : INFO : telemetry.records : 1 cache files to move.
96 : 2022-08-15 07:28:45,383 : INFO : telemetry.records : Create temp folder /tmp/tmp41r3xvny
96 : 2022-08-15 07:28:45,454 : INFO : telemetry.records : Move file /home/malebo/.azure/telemetry/cache to /tmp/tmp41r3xvny/cache
96 : 2022-08-15 07:28:45,455 : INFO : telemetry.records : Processed file /tmp/tmp41r3xvny/cache into 20 records.
96 : 2022-08-15 07:28:45,455 : INFO : telemetry.records : Remove directory /tmp/tmp41r3xvny
96 : 2022-08-15 07:28:45,458 : INFO : telemetry.client : Accumulated 20 events. Flush the clients.
96 : 2022-08-15 07:28:45,458 : INFO : telemetry.client : Flush client c4395b75-49cc-422c-bc95-c7d51aef5d46.
96 : 2022-08-15 07:28:45,563 : INFO : telemetry.sender : Sending 70957 bytes
96 : 2022-08-15 07:28:45,564 : INFO : telemetry.sender : Finish uploading in 0.103130 seconds.
96 : 2022-08-15 07:28:45,564 : INFO : telemetry.note : Update the last send in note to 2022-08-15 07:28:45
96 : 2022-08-15 07:28:45,564 : INFO : telemetry.note : Update the note mtime to 2022-08-15 07:28:45.564892
95 : 2022-08-15 08:54:03,884 : INFO : telemetry.main : Attempt start. Configuration directory [/home/malebo/.azure].
95 : 2022-08-15 08:54:03,992 : INFO : telemetry.check : Returns Positive.
95 : 2022-08-15 08:54:03,992 : DEBUG : telemetry.note : acquiring lock
95 : 2022-08-15 08:54:03,993 : DEBUG : telemetry.note : acquired lock
95 : 2022-08-15 08:54:03,993 : INFO : telemetry.note : Update the note mtime to 2022-08-15 08:54:03.993181
95 : 2022-08-15 08:54:04,118 : INFO : telemetry.note : Read timestamp from the note. The last send was 2022-08-15 07:28:45.
95 : 2022-08-15 08:54:04,119 : INFO : telemetry.records : No cache to be uploaded.
95 : 2022-08-15 08:54:04,119 : INFO : telemetry.client : Accumulated 0 events. Flush the clients.
95 : 2022-08-15 08:54:04,119 : INFO : telemetry.note : Update the last send in note to 2022-08-15 07:28:45
95 : 2022-08-15 08:54:04,119 : INFO : telemetry.note : Update the note mtime to 2022-08-15 08:54:04.119605
148 : 2022-08-15 09:36:44,462 : INFO : telemetry.main : Attempt start. Configuration directory [/home/malebo/.azure].
148 : 2022-08-15 09:36:44,462 : INFO : telemetry.check : Returns Positive.
148 : 2022-08-15 09:36:44,462 : DEBUG : telemetry.note : acquiring lock
148 : 2022-08-15 09:36:44,462 : DEBUG : telemetry.note : acquired lock
148 : 2022-08-15 09:36:44,462 : INFO : telemetry.note : Update the note mtime to 2022-08-15 09:36:44.462529
148 : 2022-08-15 09:36:44,463 : INFO : telemetry.note : Read timestamp from the note. The last send was 2022-08-15 07:28:45.
148 : 2022-08-15 09:36:44,464 : INFO : telemetry.records : No cache to be uploaded.
148 : 2022-08-15 09:36:44,464 : INFO : telemetry.client : Accumulated 0 events. Flush the clients.
148 : 2022-08-15 09:36:44,464 : INFO : telemetry.note : Update the last send in note to 2022-08-15 07:28:45
148 : 2022-08-15 09:36:44,464 : INFO : telemetry.note : Update the note mtime to 2022-08-15 09:36:44.464658
179 : 2022-08-15 09:48:29,822 : INFO : telemetry.main : Attempt start. Configuration directory [/home/malebo/.azure].
179 : 2022-08-15 09:48:29,822 : INFO : telemetry.check : Returns Positive.
179 : 2022-08-15 09:48:29,822 : DEBUG : telemetry.note : acquiring lock
179 : 2022-08-15 09:48:29,822 : DEBUG : telemetry.note : acquired lock
179 : 2022-08-15 09:48:29,822 : INFO : telemetry.note : Update the note mtime to 2022-08-15 09:48:29.822863
179 : 2022-08-15 09:48:29,824 : INFO : telemetry.note : Read timestamp from the note. The last send was 2022-08-15 07:28:45.
179 : 2022-08-15 09:48:29,824 : INFO : telemetry.records : No cache to be uploaded.
179 : 2022-08-15 09:48:29,824 : INFO : telemetry.client : Accumulated 0 events. Flush the clients.
179 : 2022-08-15 09:48:29,824 : INFO : telemetry.note : Update the last send in note to 2022-08-15 07:28:45
179 : 2022-08-15 09:48:29,824 : INFO : telemetry.note : Update the note mtime to 2022-08-15 09:48:29.824985
231 : 2022-08-15 10:18:42,893 : INFO : telemetry.main : Attempt start. Configuration directory [/home/malebo/.azure].
231 : 2022-08-15 10:18:42,894 : INFO : telemetry.check : Returns Positive.
231 : 2022-08-15 10:18:42,894 : DEBUG : telemetry.note : acquiring lock
231 : 2022-08-15 10:18:42,894 : DEBUG : telemetry.note : acquired lock
231 : 2022-08-15 10:18:42,894 : INFO : telemetry.note : Update the note mtime to 2022-08-15 10:18:42.894780
231 : 2022-08-15 10:18:42,897 : INFO : telemetry.note : Read timestamp from the note. The last send was 2022-08-15 07:28:45.
231 : 2022-08-15 10:18:42,901 : INFO : telemetry.records : No cache to be uploaded.
231 : 2022-08-15 10:18:42,902 : INFO : telemetry.client : Accumulated 0 events. Flush the clients.
231 : 2022-08-15 10:18:42,902 : INFO : telemetry.note : Update the last send in note to 2022-08-15 07:28:45
231 : 2022-08-15 10:18:42,902 : INFO : telemetry.note : Update the note mtime to 2022-08-15 10:18:42.902457
317 : 2022-08-15 11:10:42,951 : INFO : telemetry.main : Attempt start. Configuration directory [/home/malebo/.azure].
317 : 2022-08-15 11:10:42,951 : INFO : telemetry.check : Returns Positive.
317 : 2022-08-15 11:10:42,951 : DEBUG : telemetry.note : acquiring lock
317 : 2022-08-15 11:10:42,951 : DEBUG : telemetry.note : acquired lock
317 : 2022-08-15 11:10:42,951 : INFO : telemetry.note : Update the note mtime to 2022-08-15 11:10:42.951599
317 : 2022-08-15 11:10:42,953 : INFO : telemetry.note : Read timestamp from the note. The last send was 2022-08-15 07:28:45.
317 : 2022-08-15 11:10:42,953 : INFO : telemetry.records : No cache to be uploaded.
317 : 2022-08-15 11:10:42,953 : INFO : telemetry.client : Accumulated 0 events. Flush the clients.
317 : 2022-08-15 11:10:42,953 : INFO : telemetry.note : Update the last send in note to 2022-08-15 07:28:45
317 : 2022-08-15 11:10:42,953 : INFO : telemetry.note : Update the note mtime to 2022-08-15 11:10:42.953894
94 : 2022-08-25 09:31:08,106 : INFO : telemetry.main : Attempt start. Configuration directory [/home/malebo/.azure].
94 : 2022-08-25 09:31:08,114 : INFO : telemetry.check : Returns Positive.
94 : 2022-08-25 09:31:08,114 : DEBUG : telemetry.note : acquiring lock
94 : 2022-08-25 09:31:08,114 : DEBUG : telemetry.note : acquired lock
94 : 2022-08-25 09:31:08,114 : INFO : telemetry.note : Update the note mtime to 2022-08-25 09:31:08.114659
94 : 2022-08-25 09:31:08,123 : INFO : telemetry.note : Read timestamp from the note. The last send was 2022-08-15 07:28:45.
94 : 2022-08-25 09:31:08,124 : INFO : telemetry.records : 1 cache files to move.
94 : 2022-08-25 09:31:08,124 : INFO : telemetry.records : Create temp folder /tmp/tmp29xqv6iz
94 : 2022-08-25 09:31:08,198 : INFO : telemetry.records : Move file /home/malebo/.azure/telemetry/cache to /tmp/tmp29xqv6iz/cache
94 : 2022-08-25 09:31:08,199 : INFO : telemetry.records : Processed file /tmp/tmp29xqv6iz/cache into 15 records.
94 : 2022-08-25 09:31:08,199 : INFO : telemetry.records : Remove directory /tmp/tmp29xqv6iz
94 : 2022-08-25 09:31:08,201 : DEBUG : telemetry.client : Fail to parse data {"c4395b75-49cc-422c-bc95-c7d51aef5d46":[{"name":"azurecli/command","properties":{"Reserved.DataModel.EntityType":"UserTask","Reserved.DataModel.Action.Type":"Atomic","Reserved.DataModel.Action.Result":"UserFault","Reserved.DataModel.Action.ResultSummary":"_lis_ is misspelled or not recognized by the system.","Reserved.ChannelUsed":"AI","Reserved.EventId":"2b9cf6e4-a93e-4c0e-9eb2-fd1a4b73a240","Reserved.SequenceNumber":1,"Reserved.SessionId":"0f0e04dfb06b84043cfb5449a0358b5253c02f9999462af8c9ccbdbf36305ed3","Reserved.TimeSinceSessionStart":0,"Reserved.DataModel.Source":"DataModelAPI","Reserved.DataModel.EntitySchemaVersion":4,"Reserved.DataModel.Severity":0,"Reserved.DataModel.ProductName":"azurecli","Reserved.DataModel.FeatureName":"command","Reserved.DataModel.EntityName":"executeunknowncommand","Reserved.DataModel.CorrelationId":"98570f1b-42f0-43b1-9f0c-44e8574508c1","Context.Default.VS.Core.ExeName":"azurecli","Context.Default.VS.Core.ExeVersion":"2.39.0@none","Context.Default.VS.Core.MacAddressHash":"c6b452251bdc3cf093780c97fd656fccbc63df095ab2b7b38a40b0dda90c1009","Context.Default.VS.Core.Machine.Id":"c6b45225-1bdc-3cf0-9378-0c97fd656fcc","Context.Default.VS.Core.OS.Type":"linux","Context.Default.VS.Core.OS.Version":"#94~18.04.1-ubuntu smp fri aug 5 12:34:50 utc 2022","Context.Default.VS.Core.OS.Platform":"linux-5.4.0-1089-azure-x86_64-with-glibc2.35","Context.Default.VS.Core.User.Id":"a4c86f92-f782-11ec-808e-da2c6330ed20","Context.Default.VS.Core.User.IsMicrosoftInternal":"False","Context.Default.VS.Core.User.IsOptedIn":"True","Context.Default.VS.Core.TelemetryApi.ProductVersion":"azurecli@2.39.0","Context.Default.AzureCLI.Source":"az","Context.Default.AzureCLI.ClientRequestId":"ebd18c8e-1c8a-11ed-9ba3-3a4ed7a96fbb","Context.Default.AzureCLI.CoreVersion":"2.39.0","Context.Default.AzureCLI.TelemetryVersion":"2.0","Context.Default.AzureCLI.InstallationId":"a4c86f92-f782-11ec-808e-da2c6330ed20","Context.Default.AzureCLI.ShellType":"cloud-shell","Context.Default.AzureCLI.UserAzureId":"09a7a0c7dbeba06b0326f874b7b44e445bfdd6906529e895688b8c294eb283cb","Context.Default.AzureCLI.UserAzureSubscriptionId":"c2f9a668-b7d3-475f-b2e0-6cba5972f94d","Context.Default.AzureCLI.DefaultOutputType":"unknown","Context.Default.AzureCLI.EnvironmentVariables":"[]","Context.Default.AzureCLI.Locale":"en_US,UTF-8","Context.Default.AzureCLI.StartTime":"2022-08-15 11:10:50.563259","Context.Default.AzureCLI.EndTime":"2022-08-15 11:10:55.859431","Context.Default.AzureCLI.InitTimeElapsed":"0.100691","Context.Default.AzureCLI.InvokeTimeElapsed":"5.294889","Context.Default.AzureCLI.OutputType":"none","Context.Default.AzureCLI.RawCommand":"group lis","Context.Default.AzureCLI.Params":"","Context.Default.AzureCLI.PythonVersion":"3.9.13","Context.Default.AzureCLI.Mode":"default","Context.Default.AzureCLI.Installer":"RPM","Context.Default.AzureCLI.error_type":"CommandNotFoundError","Context.Default.AzureCLI.exception_name":"None","Context.Default.AzureCLI.debug_info":"AladdinResponseTime: 0.102486,AladdinRecommendCommand: az group list --query \"[?location=='westus']\"","Context.Default.AzureCLI.PollStartTime":"None","Context.Default.AzureCLI.PollEndTime":"None"}}]}
 to JSON. Reason Expecting ',' delimiter: line 1 column 3084 (char 3083).
94 : 2022-08-25 09:31:08,202 : INFO : telemetry.client : Accumulated 14 events. Flush the clients.
94 : 2022-08-25 09:31:08,202 : INFO : telemetry.client : Flush client c4395b75-49cc-422c-bc95-c7d51aef5d46.
94 : 2022-08-25 09:31:08,338 : INFO : telemetry.sender : Sending 49714 bytes
94 : 2022-08-25 09:31:08,339 : INFO : telemetry.sender : Finish uploading in 0.135151 seconds.
94 : 2022-08-25 09:31:08,339 : INFO : telemetry.note : Update the last send in note to 2022-08-25 09:31:07
94 : 2022-08-25 09:31:08,339 : INFO : telemetry.note : Update the note mtime to 2022-08-25 09:31:08.339872
96 : 2022-08-26 08:51:01,927 : INFO : telemetry.main : Attempt start. Configuration directory [/home/malebo/.azure].
96 : 2022-08-26 08:51:01,939 : INFO : telemetry.check : Returns Positive.
96 : 2022-08-26 08:51:01,939 : DEBUG : telemetry.note : acquiring lock
96 : 2022-08-26 08:51:01,939 : DEBUG : telemetry.note : acquired lock
96 : 2022-08-26 08:51:01,939 : INFO : telemetry.note : Update the note mtime to 2022-08-26 08:51:01.939820
96 : 2022-08-26 08:51:01,959 : INFO : telemetry.note : Read timestamp from the note. The last send was 2022-08-25 09:31:07.
96 : 2022-08-26 08:51:01,959 : INFO : telemetry.records : No cache to be uploaded.
96 : 2022-08-26 08:51:01,960 : INFO : telemetry.client : Accumulated 0 events. Flush the clients.
96 : 2022-08-26 08:51:01,960 : INFO : telemetry.note : Update the last send in note to 2022-08-25 09:31:07
96 : 2022-08-26 08:51:01,960 : INFO : telemetry.note : Update the note mtime to 2022-08-26 08:51:01.960476
95 : 2022-09-07 07:12:39,423 : INFO : telemetry.main : Attempt start. Configuration directory [/home/malebo/.azure].
95 : 2022-09-07 07:12:39,442 : INFO : telemetry.check : Returns Positive.
95 : 2022-09-07 07:12:39,442 : DEBUG : telemetry.note : acquiring lock
95 : 2022-09-07 07:12:39,443 : DEBUG : telemetry.note : acquired lock
95 : 2022-09-07 07:12:39,443 : INFO : telemetry.note : Update the note mtime to 2022-09-07 07:12:39.443167
95 : 2022-09-07 07:12:39,445 : INFO : telemetry.note : Read timestamp from the note. The last send was 2022-08-25 09:31:07.
95 : 2022-09-07 07:12:39,446 : INFO : telemetry.records : 1 cache files to move.
95 : 2022-09-07 07:12:39,447 : INFO : telemetry.records : Create temp folder /tmp/tmpluranp40
95 : 2022-09-07 07:12:39,460 : INFO : telemetry.records : Move file /home/malebo/.azure/telemetry/cache to /tmp/tmpluranp40/cache
95 : 2022-09-07 07:12:39,461 : INFO : telemetry.records : Processed file /tmp/tmpluranp40/cache into 6 records.
95 : 2022-09-07 07:12:39,461 : INFO : telemetry.records : Remove directory /tmp/tmpluranp40
95 : 2022-09-07 07:12:39,462 : INFO : telemetry.client : Accumulated 6 events. Flush the clients.
95 : 2022-09-07 07:12:39,462 : INFO : telemetry.client : Flush client c4395b75-49cc-422c-bc95-c7d51aef5d46.
95 : 2022-09-07 07:12:39,587 : INFO : telemetry.sender : Sending 21180 bytes
95 : 2022-09-07 07:12:39,588 : INFO : telemetry.sender : Finish uploading in 0.125044 seconds.
95 : 2022-09-07 07:12:39,589 : INFO : telemetry.note : Update the last send in note to 2022-09-07 07:12:39
95 : 2022-09-07 07:12:39,589 : INFO : telemetry.note : Update the note mtime to 2022-09-07 07:12:39.589924
98 : 2022-09-07 12:34:37,889 : INFO : telemetry.main : Attempt start. Configuration directory [/home/malebo/.azure].
98 : 2022-09-07 12:34:37,900 : INFO : telemetry.check : Returns Positive.
98 : 2022-09-07 12:34:37,900 : DEBUG : telemetry.note : acquiring lock
98 : 2022-09-07 12:34:37,900 : DEBUG : telemetry.note : acquired lock
98 : 2022-09-07 12:34:37,900 : INFO : telemetry.note : Update the note mtime to 2022-09-07 12:34:37.900682
98 : 2022-09-07 12:34:37,908 : INFO : telemetry.note : Read timestamp from the note. The last send was 2022-09-07 07:12:39.
98 : 2022-09-07 12:34:37,909 : INFO : telemetry.records : No cache to be uploaded.
98 : 2022-09-07 12:34:37,909 : INFO : telemetry.client : Accumulated 0 events. Flush the clients.
98 : 2022-09-07 12:34:37,909 : INFO : telemetry.note : Update the last send in note to 2022-09-07 07:12:39
98 : 2022-09-07 12:34:37,910 : INFO : telemetry.note : Update the note mtime to 2022-09-07 12:34:37.910071
94 : 2022-09-16 10:29:50,645 : INFO : telemetry.main : Attempt start. Configuration directory [/home/malebo/.azure].
94 : 2022-09-16 10:29:50,681 : INFO : telemetry.check : Returns Positive.
94 : 2022-09-16 10:29:50,681 : DEBUG : telemetry.note : acquiring lock
94 : 2022-09-16 10:29:50,681 : DEBUG : telemetry.note : acquired lock
94 : 2022-09-16 10:29:50,681 : INFO : telemetry.note : Update the note mtime to 2022-09-16 10:29:50.681928
94 : 2022-09-16 10:29:50,693 : INFO : telemetry.note : Read timestamp from the note. The last send was 2022-09-07 07:12:39.
94 : 2022-09-16 10:29:50,694 : INFO : telemetry.records : 1 cache files to move.
94 : 2022-09-16 10:29:50,694 : INFO : telemetry.records : Create temp folder /tmp/tmpf29iaqhb
94 : 2022-09-16 10:29:50,703 : INFO : telemetry.records : Move file /home/malebo/.azure/telemetry/cache to /tmp/tmpf29iaqhb/cache
94 : 2022-09-16 10:29:50,703 : INFO : telemetry.records : Processed file /tmp/tmpf29iaqhb/cache into 4 records.
94 : 2022-09-16 10:29:50,703 : INFO : telemetry.records : Remove directory /tmp/tmpf29iaqhb
94 : 2022-09-16 10:29:50,705 : INFO : telemetry.client : Accumulated 4 events. Flush the clients.
94 : 2022-09-16 10:29:50,705 : INFO : telemetry.client : Flush client c4395b75-49cc-422c-bc95-c7d51aef5d46.
94 : 2022-09-16 10:29:50,797 : INFO : telemetry.sender : Sending 14260 bytes
94 : 2022-09-16 10:29:50,798 : INFO : telemetry.sender : Finish uploading in 0.092338 seconds.
94 : 2022-09-16 10:29:50,798 : INFO : telemetry.note : Update the last send in note to 2022-09-16 10:29:50
94 : 2022-09-16 10:29:50,798 : INFO : telemetry.note : Update the note mtime to 2022-09-16 10:29:50.798782
96 : 2022-09-20 06:52:25,068 : INFO : telemetry.main : Attempt start. Configuration directory [/home/malebo/.azure].
96 : 2022-09-20 06:52:25,078 : INFO : telemetry.check : Returns Positive.
96 : 2022-09-20 06:52:25,078 : DEBUG : telemetry.note : acquiring lock
96 : 2022-09-20 06:52:25,079 : DEBUG : telemetry.note : acquired lock
96 : 2022-09-20 06:52:25,079 : INFO : telemetry.note : Update the note mtime to 2022-09-20 06:52:25.079201
96 : 2022-09-20 06:52:25,085 : INFO : telemetry.note : Read timestamp from the note. The last send was 2022-09-16 10:29:50.
96 : 2022-09-20 06:52:25,086 : INFO : telemetry.records : 1 cache files to move.
96 : 2022-09-20 06:52:25,087 : INFO : telemetry.records : Create temp folder /tmp/tmpkrfphzx6
96 : 2022-09-20 06:52:25,087 : INFO : telemetry.records : Move file /home/malebo/.azure/telemetry/cache to /tmp/tmpkrfphzx6/cache
96 : 2022-09-20 06:52:25,087 : INFO : telemetry.records : Processed file /tmp/tmpkrfphzx6/cache into 2 records.
96 : 2022-09-20 06:52:25,088 : INFO : telemetry.records : Remove directory /tmp/tmpkrfphzx6
96 : 2022-09-20 06:52:25,089 : INFO : telemetry.client : Accumulated 2 events. Flush the clients.
96 : 2022-09-20 06:52:25,089 : INFO : telemetry.client : Flush client c4395b75-49cc-422c-bc95-c7d51aef5d46.
96 : 2022-09-20 06:52:25,221 : INFO : telemetry.sender : Sending 7130 bytes
96 : 2022-09-20 06:52:25,222 : INFO : telemetry.sender : Finish uploading in 0.132529 seconds.
96 : 2022-09-20 06:52:25,222 : INFO : telemetry.note : Update the last send in note to 2022-09-20 06:52:24
96 : 2022-09-20 06:52:25,222 : INFO : telemetry.note : Update the note mtime to 2022-09-20 06:52:25.222700
191 : 2022-09-20 07:03:31,127 : INFO : telemetry.main : Attempt start. Configuration directory [/home/malebo/.azure].
191 : 2022-09-20 07:03:31,127 : INFO : telemetry.check : Returns Positive.
191 : 2022-09-20 07:03:31,127 : DEBUG : telemetry.note : acquiring lock
191 : 2022-09-20 07:03:31,127 : DEBUG : telemetry.note : acquired lock
191 : 2022-09-20 07:03:31,127 : INFO : telemetry.note : Update the note mtime to 2022-09-20 07:03:31.127635
191 : 2022-09-20 07:03:31,129 : INFO : telemetry.note : Read timestamp from the note. The last send was 2022-09-20 06:52:24.
191 : 2022-09-20 07:03:31,129 : INFO : telemetry.records : No cache to be uploaded.
191 : 2022-09-20 07:03:31,129 : INFO : telemetry.client : Accumulated 0 events. Flush the clients.
191 : 2022-09-20 07:03:31,129 : INFO : telemetry.note : Update the last send in note to 2022-09-20 06:52:24
191 : 2022-09-20 07:03:31,129 : INFO : telemetry.note : Update the note mtime to 2022-09-20 07:03:31.129924
259 : 2022-09-20 07:14:05,714 : INFO : telemetry.main : Attempt start. Configuration directory [/home/malebo/.azure].
259 : 2022-09-20 07:14:05,714 : INFO : telemetry.check : Returns Positive.
259 : 2022-09-20 07:14:05,714 : DEBUG : telemetry.note : acquiring lock
259 : 2022-09-20 07:14:05,714 : DEBUG : telemetry.note : acquired lock
259 : 2022-09-20 07:14:05,714 : INFO : telemetry.note : Update the note mtime to 2022-09-20 07:14:05.714875
259 : 2022-09-20 07:14:05,716 : INFO : telemetry.note : Read timestamp from the note. The last send was 2022-09-20 06:52:24.
259 : 2022-09-20 07:14:05,716 : INFO : telemetry.records : No cache to be uploaded.
259 : 2022-09-20 07:14:05,716 : INFO : telemetry.client : Accumulated 0 events. Flush the clients.
259 : 2022-09-20 07:14:05,717 : INFO : telemetry.note : Update the last send in note to 2022-09-20 06:52:24
259 : 2022-09-20 07:14:05,717 : INFO : telemetry.note : Update the note mtime to 2022-09-20 07:14:05.717164
308 : 2022-09-20 07:26:37,220 : INFO : telemetry.main : Attempt start. Configuration directory [/home/malebo/.azure].
308 : 2022-09-20 07:26:37,221 : INFO : telemetry.check : Returns Positive.
308 : 2022-09-20 07:26:37,221 : DEBUG : telemetry.note : acquiring lock
308 : 2022-09-20 07:26:37,221 : DEBUG : telemetry.note : acquired lock
308 : 2022-09-20 07:26:37,221 : INFO : telemetry.note : Update the note mtime to 2022-09-20 07:26:37.221347
308 : 2022-09-20 07:26:37,222 : INFO : telemetry.note : Read timestamp from the note. The last send was 2022-09-20 06:52:24.
308 : 2022-09-20 07:26:37,223 : INFO : telemetry.records : No cache to be uploaded.
308 : 2022-09-20 07:26:37,223 : INFO : telemetry.client : Accumulated 0 events. Flush the clients.
308 : 2022-09-20 07:26:37,223 : INFO : telemetry.note : Update the last send in note to 2022-09-20 06:52:24
308 : 2022-09-20 07:26:37,223 : INFO : telemetry.note : Update the note mtime to 2022-09-20 07:26:37.223724
359 : 2022-09-20 07:36:45,168 : INFO : telemetry.main : Attempt start. Configuration directory [/home/malebo/.azure].
359 : 2022-09-20 07:36:45,168 : INFO : telemetry.check : Returns Positive.
359 : 2022-09-20 07:36:45,169 : DEBUG : telemetry.note : acquiring lock
359 : 2022-09-20 07:36:45,169 : DEBUG : telemetry.note : acquired lock
359 : 2022-09-20 07:36:45,169 : INFO : telemetry.note : Update the note mtime to 2022-09-20 07:36:45.169247
359 : 2022-09-20 07:36:45,170 : INFO : telemetry.note : Read timestamp from the note. The last send was 2022-09-20 06:52:24.
359 : 2022-09-20 07:36:45,171 : INFO : telemetry.records : No cache to be uploaded.
359 : 2022-09-20 07:36:45,171 : INFO : telemetry.client : Accumulated 0 events. Flush the clients.
359 : 2022-09-20 07:36:45,171 : INFO : telemetry.note : Update the last send in note to 2022-09-20 06:52:24
359 : 2022-09-20 07:36:45,171 : INFO : telemetry.note : Update the note mtime to 2022-09-20 07:36:45.171549
396 : 2022-09-20 07:49:20,760 : INFO : telemetry.main : Attempt start. Configuration directory [/home/malebo/.azure].
396 : 2022-09-20 07:49:20,760 : INFO : telemetry.check : Returns Positive.
396 : 2022-09-20 07:49:20,760 : DEBUG : telemetry.note : acquiring lock
396 : 2022-09-20 07:49:20,760 : DEBUG : telemetry.note : acquired lock
396 : 2022-09-20 07:49:20,760 : INFO : telemetry.note : Update the note mtime to 2022-09-20 07:49:20.760783
396 : 2022-09-20 07:49:20,762 : INFO : telemetry.note : Read timestamp from the note. The last send was 2022-09-20 06:52:24.
396 : 2022-09-20 07:49:20,762 : INFO : telemetry.records : No cache to be uploaded.
396 : 2022-09-20 07:49:20,762 : INFO : telemetry.client : Accumulated 0 events. Flush the clients.
396 : 2022-09-20 07:49:20,763 : INFO : telemetry.note : Update the last send in note to 2022-09-20 06:52:24
396 : 2022-09-20 07:49:20,763 : INFO : telemetry.note : Update the note mtime to 2022-09-20 07:49:20.763129
468 : 2022-09-20 07:59:34,770 : INFO : telemetry.main : Attempt start. Configuration directory [/home/malebo/.azure].
468 : 2022-09-20 07:59:34,770 : INFO : telemetry.check : Returns Positive.
468 : 2022-09-20 07:59:34,770 : DEBUG : telemetry.note : acquiring lock
468 : 2022-09-20 07:59:34,770 : DEBUG : telemetry.note : acquired lock
468 : 2022-09-20 07:59:34,770 : INFO : telemetry.note : Update the note mtime to 2022-09-20 07:59:34.770640
468 : 2022-09-20 07:59:34,772 : INFO : telemetry.note : Read timestamp from the note. The last send was 2022-09-20 06:52:24.
468 : 2022-09-20 07:59:34,772 : INFO : telemetry.records : No cache to be uploaded.
468 : 2022-09-20 07:59:34,772 : INFO : telemetry.client : Accumulated 0 events. Flush the clients.
468 : 2022-09-20 07:59:34,772 : INFO : telemetry.note : Update the last send in note to 2022-09-20 06:52:24
468 : 2022-09-20 07:59:34,772 : INFO : telemetry.note : Update the note mtime to 2022-09-20 07:59:34.772847
507 : 2022-09-20 08:12:57,886 : INFO : telemetry.main : Attempt start. Configuration directory [/home/malebo/.azure].
507 : 2022-09-20 08:12:57,886 : INFO : telemetry.check : Returns Positive.
507 : 2022-09-20 08:12:57,886 : DEBUG : telemetry.note : acquiring lock
507 : 2022-09-20 08:12:57,886 : DEBUG : telemetry.note : acquired lock
507 : 2022-09-20 08:12:57,886 : INFO : telemetry.note : Update the note mtime to 2022-09-20 08:12:57.886572
507 : 2022-09-20 08:12:57,888 : INFO : telemetry.note : Read timestamp from the note. The last send was 2022-09-20 06:52:24.
507 : 2022-09-20 08:12:57,888 : INFO : telemetry.records : No cache to be uploaded.
507 : 2022-09-20 08:12:57,888 : INFO : telemetry.client : Accumulated 0 events. Flush the clients.
507 : 2022-09-20 08:12:57,888 : INFO : telemetry.note : Update the last send in note to 2022-09-20 06:52:24
507 : 2022-09-20 08:12:57,888 : INFO : telemetry.note : Update the note mtime to 2022-09-20 08:12:57.888742
567 : 2022-09-20 08:33:43,540 : INFO : telemetry.main : Attempt start. Configuration directory [/home/malebo/.azure].
567 : 2022-09-20 08:33:43,541 : INFO : telemetry.check : Returns Positive.
567 : 2022-09-20 08:33:43,541 : DEBUG : telemetry.note : acquiring lock
567 : 2022-09-20 08:33:43,541 : DEBUG : telemetry.note : acquired lock
567 : 2022-09-20 08:33:43,541 : INFO : telemetry.note : Update the note mtime to 2022-09-20 08:33:43.541334
567 : 2022-09-20 08:33:43,542 : INFO : telemetry.note : Read timestamp from the note. The last send was 2022-09-20 06:52:24.
567 : 2022-09-20 08:33:43,543 : INFO : telemetry.records : No cache to be uploaded.
567 : 2022-09-20 08:33:43,543 : INFO : telemetry.client : Accumulated 0 events. Flush the clients.
567 : 2022-09-20 08:33:43,543 : INFO : telemetry.note : Update the last send in note to 2022-09-20 06:52:24
567 : 2022-09-20 08:33:43,543 : INFO : telemetry.note : Update the note mtime to 2022-09-20 08:33:43.543741
677 : 2022-09-20 08:50:50,417 : INFO : telemetry.main : Attempt start. Configuration directory [/home/malebo/.azure].
677 : 2022-09-20 08:50:50,417 : INFO : telemetry.check : Returns Positive.
677 : 2022-09-20 08:50:50,417 : DEBUG : telemetry.note : acquiring lock
677 : 2022-09-20 08:50:50,417 : DEBUG : telemetry.note : acquired lock
677 : 2022-09-20 08:50:50,417 : INFO : telemetry.note : Update the note mtime to 2022-09-20 08:50:50.417620
677 : 2022-09-20 08:50:50,419 : INFO : telemetry.note : Read timestamp from the note. The last send was 2022-09-20 06:52:24.
677 : 2022-09-20 08:50:50,419 : INFO : telemetry.records : No cache to be uploaded.
677 : 2022-09-20 08:50:50,419 : INFO : telemetry.client : Accumulated 0 events. Flush the clients.
677 : 2022-09-20 08:50:50,419 : INFO : telemetry.note : Update the last send in note to 2022-09-20 06:52:24
677 : 2022-09-20 08:50:50,419 : INFO : telemetry.note : Update the note mtime to 2022-09-20 08:50:50.419905
874 : 2022-09-20 09:13:51,455 : INFO : telemetry.main : Attempt start. Configuration directory [/home/malebo/.azure].
874 : 2022-09-20 09:13:51,455 : INFO : telemetry.check : Returns Positive.
874 : 2022-09-20 09:13:51,455 : DEBUG : telemetry.note : acquiring lock
874 : 2022-09-20 09:13:51,456 : DEBUG : telemetry.note : acquired lock
874 : 2022-09-20 09:13:51,456 : INFO : telemetry.note : Update the note mtime to 2022-09-20 09:13:51.456101
874 : 2022-09-20 09:13:51,462 : INFO : telemetry.note : Read timestamp from the note. The last send was 2022-09-20 06:52:24.
874 : 2022-09-20 09:13:51,463 : INFO : telemetry.records : 1 cache files to move.
874 : 2022-09-20 09:13:51,463 : INFO : telemetry.records : Create temp folder /tmp/tmpvon63n3a
874 : 2022-09-20 09:13:51,464 : INFO : telemetry.records : Move file /home/malebo/.azure/telemetry/cache.1 to /tmp/tmpvon63n3a/cache.1
874 : 2022-09-20 09:13:51,465 : INFO : telemetry.records : Processed file /tmp/tmpvon63n3a/cache.1 into 39 records.
874 : 2022-09-20 09:13:51,465 : INFO : telemetry.records : Remove directory /tmp/tmpvon63n3a
874 : 2022-09-20 09:13:51,466 : DEBUG : telemetry.client : Fail to parse data {"c4395b75-49cc-422c-bc95-c7d51aef5d46": [{"name": "azurecli/command", "properties": {"Reserved.DataModel.EntityType": "UserTask", "Reserved.DataModel.Action.Type": "Atomic", "Reserved.DataModel.Action.Result": "UserFault", "Reserved.DataModel.Action.ResultSummary": "the following arguments are required: _subcommand", "Reserved.ChannelUsed": "AI", "Reserved.EventId": "47112967-868c-43aa-99ed-e14522fbf198", "Reserved.SequenceNumber": 1, "Reserved.SessionId": "c450daf319ec9b3279de7b4058ec2d595edd8193c62fe217813c2621a54f3bad", "Reserved.TimeSinceSessionStart": 0, "Reserved.DataModel.Source": "DataModelAPI", "Reserved.DataModel.EntitySchemaVersion": 4, "Reserved.DataModel.Severity": 0, "Reserved.DataModel.ProductName": "azurecli", "Reserved.DataModel.FeatureName": "command", "Reserved.DataModel.EntityName": "executeunknowncommand", "Reserved.DataModel.CorrelationId": "d7d3b140-27b5-4e93-a264-6ce9ca90f4f9", "Context.Default.VS.Core.ExeName": "azurecli", "Context.Default.VS.Core.ExeVersion": "2.40.0@none", "Context.Default.VS.Core.MacAddressHash": "6728c68c7f217223b51a3291071825643f79d56e7dd98886d01dd88698cedd0b", "Context.Default.VS.Core.Machine.Id": "6728c68c-7f21-7223-b51a-329107182564", "Context.Default.VS.Core.OS.Type": "linux", "Context.Default.VS.Core.OS.Version": "#95~18.04.1-ubuntu smp sun aug 14 20:09:27 utc 2022", "Context.Default.VS.Core.OS.Platform": "linux-5.4.0-1090-azure-x86_64-with-glibc2.35", "Context.Default.VS.Core.User.Id": "a4c86f92-f782-11ec-808e-da2c6330ed20", "Context.Default.VS.Core.User.IsMicrosoftInternal": "False", "Context.Default.VS.Core.User.IsOptedIn": "True", "Context.Default.VS.Core.TelemetryApi.ProductVersion": "azurecli@2.40.0", "Context.Default.AzureCLI.Source": "az", "Context.Default.AzureCLI.ClientRequestId": "55535b4a-38b2-11ed-b20a-32d41931243c", "Context.Default.AzureCLI.CoreVersion": "2.40.0", "Context.Default.AzureCLI.TelemetryVersion": "2.0", "Context.Default.AzureCLI.InstallationId": "a4c86f92-f782-11ec-808e-da2c6330ed20", "Context.Default.AzureCLI.ShellType": "cloud-shell", "Context.Default.AzureCLI.UserAzureId": "09a7a0c7dbeba06b0326f874b7b44e445bfdd6906529e895688b8c294eb283cb", "Context.Default.AzureCLI.UserAzureSubscriptionId": "c2f9a668-b7d3-475f-b2e0-6cba5972f94d", "Context.Default.AzureCLI.DefaultOutputType": "unknown", "Context.Default.AzureCLI.EnvironmentVariables": "[]", "Context.Default.AzureCLI.Locale": "en_US,UTF-8", "Context.Default.AzureCLI.StartTime": "2022-09-20 07:03:30.503566", "Context.Default.AzureCLI.EndTime": "2022-09-20 07:03:30.971664", "Context.Default.AzureCLI.InitTimeElapsed": "0.105373", "Context.Default.AzureCLI.InvokeTimeElapsed": "0.465605", "Context.Default.AzureCLI.OutputType": "none", "Context.Default.AzureCLI.RawCommand": "group", "Context.Default.AzureCLI.Params": "", "Context.Default.AzureCLI.PythonVersion": "3.9.13", "Context.Default.AzureCLI.Mode": "default", "Context.Default.AzureCLI.Installer": "RPM", "Context.Default.AzureCLI.error_type": "RequiredArgumentMissingError", "Context.Default.AzureCLI.exception_name": "None", "Context.Default.AzureCLI.debug_info": "AladdinResponseTime: 0.102833,AladdinRecommendCommand: az group create --location westus --resource-group MyResourceGroup;az group delete --resource-group MyResourceGroup;az group list --query \"[?location=='westus']\"", "Context.Default.AzureCLI.PollStartTime": "None", "Context.Default.AzureCLI.PollEndTime": "None", "Context.Default.AzureCLI.CloudName": "AzureCloud"}}]}
 to JSON. Reason Expecting ',' delimiter: line 1 column 3307 (char 3306).
874 : 2022-09-20 09:13:51,467 : DEBUG : telemetry.client : Fail to parse data {"c4395b75-49cc-422c-bc95-c7d51aef5d46": [{"name": "azurecli/command", "properties": {"Reserved.DataModel.EntityType": "UserTask", "Reserved.DataModel.Action.Type": "Atomic", "Reserved.DataModel.Action.Result": "UserFault", "Reserved.DataModel.Action.ResultSummary": "the following arguments are required: _subcommand", "Reserved.ChannelUsed": "AI", "Reserved.EventId": "f82ce38f-8fed-4d26-b1ed-3486d1b6ebd8", "Reserved.SequenceNumber": 1, "Reserved.SessionId": "c450daf319ec9b3279de7b4058ec2d595edd8193c62fe217813c2621a54f3bad", "Reserved.TimeSinceSessionStart": 0, "Reserved.DataModel.Source": "DataModelAPI", "Reserved.DataModel.EntitySchemaVersion": 4, "Reserved.DataModel.Severity": 0, "Reserved.DataModel.ProductName": "azurecli", "Reserved.DataModel.FeatureName": "command", "Reserved.DataModel.EntityName": "executeunknowncommand", "Reserved.DataModel.CorrelationId": "31e1eb11-0795-456e-9bfa-63028c4d7875", "Context.Default.VS.Core.ExeName": "azurecli", "Context.Default.VS.Core.ExeVersion": "2.40.0@none", "Context.Default.VS.Core.MacAddressHash": "6728c68c7f217223b51a3291071825643f79d56e7dd98886d01dd88698cedd0b", "Context.Default.VS.Core.Machine.Id": "6728c68c-7f21-7223-b51a-329107182564", "Context.Default.VS.Core.OS.Type": "linux", "Context.Default.VS.Core.OS.Version": "#95~18.04.1-ubuntu smp sun aug 14 20:09:27 utc 2022", "Context.Default.VS.Core.OS.Platform": "linux-5.4.0-1090-azure-x86_64-with-glibc2.35", "Context.Default.VS.Core.User.Id": "a4c86f92-f782-11ec-808e-da2c6330ed20", "Context.Default.VS.Core.User.IsMicrosoftInternal": "False", "Context.Default.VS.Core.User.IsOptedIn": "True", "Context.Default.VS.Core.TelemetryApi.ProductVersion": "azurecli@2.40.0", "Context.Default.AzureCLI.Source": "az", "Context.Default.AzureCLI.ClientRequestId": "9261cfb2-38b2-11ed-b71a-32d41931243c", "Context.Default.AzureCLI.CoreVersion": "2.40.0", "Context.Default.AzureCLI.TelemetryVersion": "2.0", "Context.Default.AzureCLI.InstallationId": "a4c86f92-f782-11ec-808e-da2c6330ed20", "Context.Default.AzureCLI.ShellType": "cloud-shell", "Context.Default.AzureCLI.UserAzureId": "09a7a0c7dbeba06b0326f874b7b44e445bfdd6906529e895688b8c294eb283cb", "Context.Default.AzureCLI.UserAzureSubscriptionId": "c2f9a668-b7d3-475f-b2e0-6cba5972f94d", "Context.Default.AzureCLI.DefaultOutputType": "unknown", "Context.Default.AzureCLI.EnvironmentVariables": "[]", "Context.Default.AzureCLI.Locale": "en_US,UTF-8", "Context.Default.AzureCLI.StartTime": "2022-09-20 07:05:12.940365", "Context.Default.AzureCLI.EndTime": "2022-09-20 07:05:13.343846", "Context.Default.AzureCLI.InitTimeElapsed": "0.105148", "Context.Default.AzureCLI.InvokeTimeElapsed": "0.399971", "Context.Default.AzureCLI.OutputType": "none", "Context.Default.AzureCLI.RawCommand": "group", "Context.Default.AzureCLI.Params": "", "Context.Default.AzureCLI.PythonVersion": "3.9.13", "Context.Default.AzureCLI.Mode": "default", "Context.Default.AzureCLI.Installer": "RPM", "Context.Default.AzureCLI.error_type": "RequiredArgumentMissingError", "Context.Default.AzureCLI.exception_name": "None", "Context.Default.AzureCLI.debug_info": "AladdinResponseTime: 0.085586,AladdinRecommendCommand: az group create --location westus --resource-group MyResourceGroup;az group delete --resource-group MyResourceGroup;az group list --query \"[?location=='westus']\"", "Context.Default.AzureCLI.PollStartTime": "None", "Context.Default.AzureCLI.PollEndTime": "None", "Context.Default.AzureCLI.CloudName": "AzureCloud"}}]}
 to JSON. Reason Expecting ',' delimiter: line 1 column 3307 (char 3306).
874 : 2022-09-20 09:13:51,467 : DEBUG : telemetry.client : Fail to parse data {"c4395b75-49cc-422c-bc95-c7d51aef5d46": [{"name": "azurecli/command", "properties": {"Reserved.DataModel.EntityType": "UserTask", "Reserved.DataModel.Action.Type": "Atomic", "Reserved.DataModel.Action.Result": "UserFault", "Reserved.DataModel.Action.ResultSummary": "argument --query: invalid jmespath_type value: _[?locatioun=southafricanorth]_", "Reserved.ChannelUsed": "AI", "Reserved.EventId": "87f964e7-be18-4fdd-b871-765f6d8934a2", "Reserved.SequenceNumber": 1, "Reserved.SessionId": "c450daf319ec9b3279de7b4058ec2d595edd8193c62fe217813c2621a54f3bad", "Reserved.TimeSinceSessionStart": 0, "Reserved.DataModel.Source": "DataModelAPI", "Reserved.DataModel.EntitySchemaVersion": 4, "Reserved.DataModel.Severity": 0, "Reserved.DataModel.ProductName": "azurecli", "Reserved.DataModel.FeatureName": "command", "Reserved.DataModel.EntityName": "executeunknowncommand", "Reserved.DataModel.CorrelationId": "f4663820-4fc4-4973-a9b0-e8038a4d2185", "Context.Default.VS.Core.ExeName": "azurecli", "Context.Default.VS.Core.ExeVersion": "2.40.0@none", "Context.Default.VS.Core.MacAddressHash": "6728c68c7f217223b51a3291071825643f79d56e7dd98886d01dd88698cedd0b", "Context.Default.VS.Core.Machine.Id": "6728c68c-7f21-7223-b51a-329107182564", "Context.Default.VS.Core.OS.Type": "linux", "Context.Default.VS.Core.OS.Version": "#95~18.04.1-ubuntu smp sun aug 14 20:09:27 utc 2022", "Context.Default.VS.Core.OS.Platform": "linux-5.4.0-1090-azure-x86_64-with-glibc2.35", "Context.Default.VS.Core.User.Id": "a4c86f92-f782-11ec-808e-da2c6330ed20", "Context.Default.VS.Core.User.IsMicrosoftInternal": "False", "Context.Default.VS.Core.User.IsOptedIn": "True", "Context.Default.VS.Core.TelemetryApi.ProductVersion": "azurecli@2.40.0", "Context.Default.AzureCLI.Source": "az", "Context.Default.AzureCLI.ClientRequestId": "a0e6c95c-38b2-11ed-8dfb-32d41931243c", "Context.Default.AzureCLI.CoreVersion": "2.40.0", "Context.Default.AzureCLI.TelemetryVersion": "2.0", "Context.Default.AzureCLI.InstallationId": "a4c86f92-f782-11ec-808e-da2c6330ed20", "Context.Default.AzureCLI.ShellType": "cloud-shell", "Context.Default.AzureCLI.UserAzureId": "09a7a0c7dbeba06b0326f874b7b44e445bfdd6906529e895688b8c294eb283cb", "Context.Default.AzureCLI.UserAzureSubscriptionId": "c2f9a668-b7d3-475f-b2e0-6cba5972f94d", "Context.Default.AzureCLI.DefaultOutputType": "unknown", "Context.Default.AzureCLI.EnvironmentVariables": "[]", "Context.Default.AzureCLI.Locale": "en_US,UTF-8", "Context.Default.AzureCLI.StartTime": "2022-09-20 07:05:37.298736", "Context.Default.AzureCLI.EndTime": "2022-09-20 07:05:37.674425", "Context.Default.AzureCLI.InitTimeElapsed": "0.110595", "Context.Default.AzureCLI.InvokeTimeElapsed": "0.373693", "Context.Default.AzureCLI.OutputType": "none", "Context.Default.AzureCLI.RawCommand": "group list", "Context.Default.AzureCLI.Params": "", "Context.Default.AzureCLI.PythonVersion": "3.9.13", "Context.Default.AzureCLI.Mode": "default", "Context.Default.AzureCLI.Installer": "RPM", "Context.Default.AzureCLI.error_type": "InvalidArgumentValueError", "Context.Default.AzureCLI.exception_name": "None", "Context.Default.AzureCLI.debug_info": "AladdinResponseTime: 0.076376,AladdinRecommendCommand: az group list --query \"[?location=='westus']\"", "Context.Default.AzureCLI.PollStartTime": "None", "Context.Default.AzureCLI.PollEndTime": "None", "Context.Default.AzureCLI.CloudName": "AzureCloud"}}]}
 to JSON. Reason Expecting ',' delimiter: line 1 column 3222 (char 3221).
874 : 2022-09-20 09:13:51,467 : DEBUG : telemetry.client : Fail to parse data {"c4395b75-49cc-422c-bc95-c7d51aef5d46": [{"name": "azurecli/command", "properties": {"Reserved.DataModel.EntityType": "UserTask", "Reserved.DataModel.Action.Type": "Atomic", "Reserved.DataModel.Action.Result": "UserFault", "Reserved.DataModel.Action.ResultSummary": "argument --query: invalid jmespath_type value: _[?location=southafricanorth]_", "Reserved.ChannelUsed": "AI", "Reserved.EventId": "7e070e74-299d-414a-82fd-c3bc27b98fc4", "Reserved.SequenceNumber": 1, "Reserved.SessionId": "c450daf319ec9b3279de7b4058ec2d595edd8193c62fe217813c2621a54f3bad", "Reserved.TimeSinceSessionStart": 0, "Reserved.DataModel.Source": "DataModelAPI", "Reserved.DataModel.EntitySchemaVersion": 4, "Reserved.DataModel.Severity": 0, "Reserved.DataModel.ProductName": "azurecli", "Reserved.DataModel.FeatureName": "command", "Reserved.DataModel.EntityName": "executeunknowncommand", "Reserved.DataModel.CorrelationId": "880126d2-9c80-4544-9655-8e054803e240", "Context.Default.VS.Core.ExeName": "azurecli", "Context.Default.VS.Core.ExeVersion": "2.40.0@none", "Context.Default.VS.Core.MacAddressHash": "6728c68c7f217223b51a3291071825643f79d56e7dd98886d01dd88698cedd0b", "Context.Default.VS.Core.Machine.Id": "6728c68c-7f21-7223-b51a-329107182564", "Context.Default.VS.Core.OS.Type": "linux", "Context.Default.VS.Core.OS.Version": "#95~18.04.1-ubuntu smp sun aug 14 20:09:27 utc 2022", "Context.Default.VS.Core.OS.Platform": "linux-5.4.0-1090-azure-x86_64-with-glibc2.35", "Context.Default.VS.Core.User.Id": "a4c86f92-f782-11ec-808e-da2c6330ed20", "Context.Default.VS.Core.User.IsMicrosoftInternal": "False", "Context.Default.VS.Core.User.IsOptedIn": "True", "Context.Default.VS.Core.TelemetryApi.ProductVersion": "azurecli@2.40.0", "Context.Default.AzureCLI.Source": "az", "Context.Default.AzureCLI.ClientRequestId": "a7775ba6-38b2-11ed-8a64-32d41931243c", "Context.Default.AzureCLI.CoreVersion": "2.40.0", "Context.Default.AzureCLI.TelemetryVersion": "2.0", "Context.Default.AzureCLI.InstallationId": "a4c86f92-f782-11ec-808e-da2c6330ed20", "Context.Default.AzureCLI.ShellType": "cloud-shell", "Context.Default.AzureCLI.UserAzureId": "09a7a0c7dbeba06b0326f874b7b44e445bfdd6906529e895688b8c294eb283cb", "Context.Default.AzureCLI.UserAzureSubscriptionId": "c2f9a668-b7d3-475f-b2e0-6cba5972f94d", "Context.Default.AzureCLI.DefaultOutputType": "unknown", "Context.Default.AzureCLI.EnvironmentVariables": "[]", "Context.Default.AzureCLI.Locale": "en_US,UTF-8", "Context.Default.AzureCLI.StartTime": "2022-09-20 07:05:48.313865", "Context.Default.AzureCLI.EndTime": "2022-09-20 07:05:48.702627", "Context.Default.AzureCLI.InitTimeElapsed": "0.105480", "Context.Default.AzureCLI.InvokeTimeElapsed": "0.386484", "Context.Default.AzureCLI.OutputType": "none", "Context.Default.AzureCLI.RawCommand": "group list", "Context.Default.AzureCLI.Params": "", "Context.Default.AzureCLI.PythonVersion": "3.9.13", "Context.Default.AzureCLI.Mode": "default", "Context.Default.AzureCLI.Installer": "RPM", "Context.Default.AzureCLI.error_type": "InvalidArgumentValueError", "Context.Default.AzureCLI.exception_name": "None", "Context.Default.AzureCLI.debug_info": "AladdinResponseTime: 0.089473,AladdinRecommendCommand: az group list --query \"[?location=='westus']\"", "Context.Default.AzureCLI.PollStartTime": "None", "Context.Default.AzureCLI.PollEndTime": "None", "Context.Default.AzureCLI.CloudName": "AzureCloud"}}]}
 to JSON. Reason Expecting ',' delimiter: line 1 column 3221 (char 3220).
874 : 2022-09-20 09:13:51,472 : INFO : telemetry.client : Accumulated 35 events. Flush the clients.
874 : 2022-09-20 09:13:51,472 : INFO : telemetry.client : Flush client c4395b75-49cc-422c-bc95-c7d51aef5d46.
874 : 2022-09-20 09:13:51,579 : INFO : telemetry.sender : Sending 129527 bytes
874 : 2022-09-20 09:13:51,581 : INFO : telemetry.sender : Finish uploading in 0.105072 seconds.
874 : 2022-09-20 09:13:51,582 : INFO : telemetry.note : Update the last send in note to 2022-09-20 08:51:02
874 : 2022-09-20 09:13:51,582 : INFO : telemetry.note : Update the note mtime to 2022-09-20 09:13:51.582417
1038 : 2022-09-20 09:24:07,920 : INFO : telemetry.main : Attempt start. Configuration directory [/home/malebo/.azure].
1038 : 2022-09-20 09:24:07,920 : INFO : telemetry.check : Returns Positive.
1038 : 2022-09-20 09:24:07,920 : DEBUG : telemetry.note : acquiring lock
1038 : 2022-09-20 09:24:07,920 : DEBUG : telemetry.note : acquired lock
1038 : 2022-09-20 09:24:07,920 : INFO : telemetry.note : Update the note mtime to 2022-09-20 09:24:07.920661
1038 : 2022-09-20 09:24:07,922 : INFO : telemetry.note : Read timestamp from the note. The last send was 2022-09-20 08:51:02.
1038 : 2022-09-20 09:24:07,922 : INFO : telemetry.records : No cache to be uploaded.
1038 : 2022-09-20 09:24:07,922 : INFO : telemetry.client : Accumulated 0 events. Flush the clients.
1038 : 2022-09-20 09:24:07,922 : INFO : telemetry.note : Update the last send in note to 2022-09-20 08:51:02
1038 : 2022-09-20 09:24:07,923 : INFO : telemetry.note : Update the note mtime to 2022-09-20 09:24:07.923063
1117 : 2022-09-20 09:34:31,971 : INFO : telemetry.main : Attempt start. Configuration directory [/home/malebo/.azure].
1117 : 2022-09-20 09:34:31,971 : INFO : telemetry.check : Returns Positive.
1117 : 2022-09-20 09:34:31,971 : DEBUG : telemetry.note : acquiring lock
1117 : 2022-09-20 09:34:31,972 : DEBUG : telemetry.note : acquired lock
1117 : 2022-09-20 09:34:31,972 : INFO : telemetry.note : Update the note mtime to 2022-09-20 09:34:31.972175
1117 : 2022-09-20 09:34:31,974 : INFO : telemetry.note : Read timestamp from the note. The last send was 2022-09-20 08:51:02.
1117 : 2022-09-20 09:34:31,975 : INFO : telemetry.records : No cache to be uploaded.
1117 : 2022-09-20 09:34:31,975 : INFO : telemetry.client : Accumulated 0 events. Flush the clients.
1117 : 2022-09-20 09:34:31,975 : INFO : telemetry.note : Update the last send in note to 2022-09-20 08:51:02
1117 : 2022-09-20 09:34:31,975 : INFO : telemetry.note : Update the note mtime to 2022-09-20 09:34:31.975695
1166 : 2022-09-20 09:45:35,409 : INFO : telemetry.main : Attempt start. Configuration directory [/home/malebo/.azure].
1166 : 2022-09-20 09:45:35,410 : INFO : telemetry.check : Returns Positive.
1166 : 2022-09-20 09:45:35,410 : DEBUG : telemetry.note : acquiring lock
1166 : 2022-09-20 09:45:35,410 : DEBUG : telemetry.note : acquired lock
1166 : 2022-09-20 09:45:35,410 : INFO : telemetry.note : Update the note mtime to 2022-09-20 09:45:35.410831
1166 : 2022-09-20 09:45:35,413 : INFO : telemetry.note : Read timestamp from the note. The last send was 2022-09-20 08:51:02.
1166 : 2022-09-20 09:45:35,414 : INFO : telemetry.records : No cache to be uploaded.
1166 : 2022-09-20 09:45:35,414 : INFO : telemetry.client : Accumulated 0 events. Flush the clients.
1166 : 2022-09-20 09:45:35,415 : INFO : telemetry.note : Update the last send in note to 2022-09-20 08:51:02
1166 : 2022-09-20 09:45:35,415 : INFO : telemetry.note : Update the note mtime to 2022-09-20 09:45:35.415215
1272 : 2022-09-20 09:55:35,696 : INFO : telemetry.main : Attempt start. Configuration directory [/home/malebo/.azure].
1272 : 2022-09-20 09:55:35,697 : INFO : telemetry.check : Returns Positive.
1272 : 2022-09-20 09:55:35,697 : DEBUG : telemetry.note : acquiring lock
1272 : 2022-09-20 09:55:35,697 : DEBUG : telemetry.note : acquired lock
1272 : 2022-09-20 09:55:35,697 : INFO : telemetry.note : Update the note mtime to 2022-09-20 09:55:35.697523
1272 : 2022-09-20 09:55:35,699 : INFO : telemetry.note : Read timestamp from the note. The last send was 2022-09-20 08:51:02.
1272 : 2022-09-20 09:55:35,700 : INFO : telemetry.records : 1 cache files to move.
1272 : 2022-09-20 09:55:35,701 : INFO : telemetry.records : Create temp folder /tmp/tmp50jnc2ii
1272 : 2022-09-20 09:55:35,701 : INFO : telemetry.records : Move file /home/malebo/.azure/telemetry/cache.1 to /tmp/tmp50jnc2ii/cache.1
1272 : 2022-09-20 09:55:35,703 : INFO : telemetry.records : Processed file /tmp/tmp50jnc2ii/cache.1 into 38 records.
1272 : 2022-09-20 09:55:35,703 : INFO : telemetry.records : Remove directory /tmp/tmp50jnc2ii
1272 : 2022-09-20 09:55:35,708 : INFO : telemetry.client : Accumulated 38 events. Flush the clients.
1272 : 2022-09-20 09:55:35,708 : INFO : telemetry.client : Flush client c4395b75-49cc-422c-bc95-c7d51aef5d46.
1272 : 2022-09-20 09:55:35,826 : INFO : telemetry.sender : Sending 144904 bytes
1272 : 2022-09-20 09:55:35,827 : INFO : telemetry.sender : Finish uploading in 0.114547 seconds.
1272 : 2022-09-20 09:55:35,827 : INFO : telemetry.note : Update the last send in note to 2022-09-20 09:50:13
1272 : 2022-09-20 09:55:35,827 : INFO : telemetry.note : Update the note mtime to 2022-09-20 09:55:35.827940
96 : 2022-09-21 06:55:28,516 : INFO : telemetry.main : Attempt start. Configuration directory [/home/malebo/.azure].
96 : 2022-09-21 06:55:28,538 : INFO : telemetry.check : Returns Positive.
96 : 2022-09-21 06:55:28,538 : DEBUG : telemetry.note : acquiring lock
96 : 2022-09-21 06:55:28,538 : DEBUG : telemetry.note : acquired lock
96 : 2022-09-21 06:55:28,538 : INFO : telemetry.note : Update the note mtime to 2022-09-21 06:55:28.538616
96 : 2022-09-21 06:55:28,545 : INFO : telemetry.note : Read timestamp from the note. The last send was 2022-09-20 09:50:13.
96 : 2022-09-21 06:55:28,546 : INFO : telemetry.records : No cache to be uploaded.
96 : 2022-09-21 06:55:28,546 : INFO : telemetry.client : Accumulated 0 events. Flush the clients.
96 : 2022-09-21 06:55:28,547 : INFO : telemetry.note : Update the last send in note to 2022-09-20 09:50:13
96 : 2022-09-21 06:55:28,547 : INFO : telemetry.note : Update the note mtime to 2022-09-21 06:55:28.547316
218 : 2022-09-21 07:24:04,065 : INFO : telemetry.main : Attempt start. Configuration directory [/home/malebo/.azure].
218 : 2022-09-21 07:24:04,065 : INFO : telemetry.check : Returns Positive.
218 : 2022-09-21 07:24:04,065 : DEBUG : telemetry.note : acquiring lock
218 : 2022-09-21 07:24:04,066 : DEBUG : telemetry.note : acquired lock
218 : 2022-09-21 07:24:04,066 : INFO : telemetry.note : Update the note mtime to 2022-09-21 07:24:04.066113
218 : 2022-09-21 07:24:04,067 : INFO : telemetry.note : Read timestamp from the note. The last send was 2022-09-20 09:50:13.
218 : 2022-09-21 07:24:04,068 : INFO : telemetry.records : No cache to be uploaded.
218 : 2022-09-21 07:24:04,068 : INFO : telemetry.client : Accumulated 0 events. Flush the clients.
218 : 2022-09-21 07:24:04,068 : INFO : telemetry.note : Update the last send in note to 2022-09-20 09:50:13
218 : 2022-09-21 07:24:04,068 : INFO : telemetry.note : Update the note mtime to 2022-09-21 07:24:04.068298
349 : 2022-09-21 07:54:33,607 : INFO : telemetry.main : Attempt start. Configuration directory [/home/malebo/.azure].
349 : 2022-09-21 07:54:33,607 : INFO : telemetry.check : Returns Positive.
349 : 2022-09-21 07:54:33,607 : DEBUG : telemetry.note : acquiring lock
349 : 2022-09-21 07:54:33,607 : DEBUG : telemetry.note : acquired lock
349 : 2022-09-21 07:54:33,607 : INFO : telemetry.note : Update the note mtime to 2022-09-21 07:54:33.607945
349 : 2022-09-21 07:54:33,609 : INFO : telemetry.note : Read timestamp from the note. The last send was 2022-09-20 09:50:13.
349 : 2022-09-21 07:54:33,609 : INFO : telemetry.records : No cache to be uploaded.
349 : 2022-09-21 07:54:33,610 : INFO : telemetry.client : Accumulated 0 events. Flush the clients.
349 : 2022-09-21 07:54:33,610 : INFO : telemetry.note : Update the last send in note to 2022-09-20 09:50:13
349 : 2022-09-21 07:54:33,610 : INFO : telemetry.note : Update the note mtime to 2022-09-21 07:54:33.610240
94 : 2022-09-21 10:43:59,779 : INFO : telemetry.main : Attempt start. Configuration directory [/home/malebo/.azure].
94 : 2022-09-21 10:43:59,816 : INFO : telemetry.check : Returns Positive.
94 : 2022-09-21 10:43:59,816 : DEBUG : telemetry.note : acquiring lock
94 : 2022-09-21 10:43:59,816 : DEBUG : telemetry.note : acquired lock
94 : 2022-09-21 10:43:59,816 : INFO : telemetry.note : Update the note mtime to 2022-09-21 10:43:59.816807
94 : 2022-09-21 10:43:59,823 : INFO : telemetry.note : Read timestamp from the note. The last send was 2022-09-20 09:50:13.
94 : 2022-09-21 10:43:59,824 : INFO : telemetry.records : 1 cache files to move.
94 : 2022-09-21 10:43:59,824 : INFO : telemetry.records : Create temp folder /tmp/tmpl0_183ix
94 : 2022-09-21 10:43:59,937 : INFO : telemetry.records : Move file /home/malebo/.azure/telemetry/cache to /tmp/tmpl0_183ix/cache
94 : 2022-09-21 10:43:59,938 : INFO : telemetry.records : Processed file /tmp/tmpl0_183ix/cache into 22 records.
94 : 2022-09-21 10:43:59,939 : INFO : telemetry.records : Remove directory /tmp/tmpl0_183ix
94 : 2022-09-21 10:43:59,942 : INFO : telemetry.client : Accumulated 22 events. Flush the clients.
94 : 2022-09-21 10:43:59,943 : INFO : telemetry.client : Flush client c4395b75-49cc-422c-bc95-c7d51aef5d46.
94 : 2022-09-21 10:44:00,076 : INFO : telemetry.sender : Sending 81566 bytes
94 : 2022-09-21 10:44:00,077 : INFO : telemetry.sender : Finish uploading in 0.131283 seconds.
94 : 2022-09-21 10:44:00,077 : INFO : telemetry.note : Update the last send in note to 2022-09-21 10:43:59
94 : 2022-09-21 10:44:00,077 : INFO : telemetry.note : Update the note mtime to 2022-09-21 10:44:00.077766
95 : 2022-09-23 09:44:55,062 : INFO : telemetry.main : Attempt start. Configuration directory [/home/malebo/.azure].
95 : 2022-09-23 09:44:55,102 : INFO : telemetry.check : Returns Positive.
95 : 2022-09-23 09:44:55,102 : DEBUG : telemetry.note : acquiring lock
95 : 2022-09-23 09:44:55,103 : DEBUG : telemetry.note : acquired lock
95 : 2022-09-23 09:44:55,103 : INFO : telemetry.note : Update the note mtime to 2022-09-23 09:44:55.103301
95 : 2022-09-23 09:44:55,111 : INFO : telemetry.note : Read timestamp from the note. The last send was 2022-09-21 10:43:59.
95 : 2022-09-23 09:44:55,112 : INFO : telemetry.records : 1 cache files to move.
95 : 2022-09-23 09:44:55,112 : INFO : telemetry.records : Create temp folder /tmp/tmpbw_3u0pg
95 : 2022-09-23 09:44:55,117 : INFO : telemetry.records : Move file /home/malebo/.azure/telemetry/cache to /tmp/tmpbw_3u0pg/cache
95 : 2022-09-23 09:44:55,117 : INFO : telemetry.records : Processed file /tmp/tmpbw_3u0pg/cache into 3 records.
95 : 2022-09-23 09:44:55,118 : INFO : telemetry.records : Remove directory /tmp/tmpbw_3u0pg
95 : 2022-09-23 09:44:55,119 : INFO : telemetry.client : Accumulated 3 events. Flush the clients.
95 : 2022-09-23 09:44:55,119 : INFO : telemetry.client : Flush client c4395b75-49cc-422c-bc95-c7d51aef5d46.
95 : 2022-09-23 09:44:55,461 : INFO : telemetry.sender : Sending 10691 bytes
95 : 2022-09-23 09:44:55,462 : INFO : telemetry.sender : Finish uploading in 0.342591 seconds.
95 : 2022-09-23 09:44:55,462 : INFO : telemetry.note : Update the last send in note to 2022-09-23 09:44:54
95 : 2022-09-23 09:44:55,462 : INFO : telemetry.note : Update the note mtime to 2022-09-23 09:44:55.462904
95 : 2022-10-03 13:16:09,120 : INFO : telemetry.main : Attempt start. Configuration directory [/home/malebo/.azure].
95 : 2022-10-03 13:16:09,131 : INFO : telemetry.check : Returns Positive.
95 : 2022-10-03 13:16:09,132 : DEBUG : telemetry.note : acquiring lock
95 : 2022-10-03 13:16:09,132 : DEBUG : telemetry.note : acquired lock
95 : 2022-10-03 13:16:09,132 : INFO : telemetry.note : Update the note mtime to 2022-10-03 13:16:09.132458
95 : 2022-10-03 13:16:09,139 : INFO : telemetry.note : Read timestamp from the note. The last send was 2022-09-23 09:44:54.
95 : 2022-10-03 13:16:09,140 : INFO : telemetry.records : 1 cache files to move.
95 : 2022-10-03 13:16:09,140 : INFO : telemetry.records : Create temp folder /tmp/tmp4kw6n001
95 : 2022-10-03 13:16:09,140 : INFO : telemetry.records : Move file /home/malebo/.azure/telemetry/cache to /tmp/tmp4kw6n001/cache
95 : 2022-10-03 13:16:09,141 : INFO : telemetry.records : Processed file /tmp/tmp4kw6n001/cache into 2 records.
95 : 2022-10-03 13:16:09,141 : INFO : telemetry.records : Remove directory /tmp/tmp4kw6n001
95 : 2022-10-03 13:16:09,142 : INFO : telemetry.client : Accumulated 2 events. Flush the clients.
95 : 2022-10-03 13:16:09,142 : INFO : telemetry.client : Flush client c4395b75-49cc-422c-bc95-c7d51aef5d46.
95 : 2022-10-03 13:16:09,226 : INFO : telemetry.sender : Sending 7128 bytes
95 : 2022-10-03 13:16:09,227 : INFO : telemetry.sender : Finish uploading in 0.084578 seconds.
95 : 2022-10-03 13:16:09,227 : INFO : telemetry.note : Update the last send in note to 2022-10-03 13:16:08
95 : 2022-10-03 13:16:09,227 : INFO : telemetry.note : Update the note mtime to 2022-10-03 13:16:09.227832
96 : 2022-10-04 06:33:31,263 : INFO : telemetry.main : Attempt start. Configuration directory [/home/malebo/.azure].
96 : 2022-10-04 06:33:31,298 : INFO : telemetry.check : Returns Positive.
96 : 2022-10-04 06:33:31,298 : DEBUG : telemetry.note : acquiring lock
96 : 2022-10-04 06:33:31,298 : DEBUG : telemetry.note : acquired lock
96 : 2022-10-04 06:33:31,298 : INFO : telemetry.note : Update the note mtime to 2022-10-04 06:33:31.298669
96 : 2022-10-04 06:33:31,306 : INFO : telemetry.note : Read timestamp from the note. The last send was 2022-10-03 13:16:08.
96 : 2022-10-04 06:33:31,306 : INFO : telemetry.records : No cache to be uploaded.
96 : 2022-10-04 06:33:31,307 : INFO : telemetry.client : Accumulated 0 events. Flush the clients.
96 : 2022-10-04 06:33:31,307 : INFO : telemetry.note : Update the last send in note to 2022-10-03 13:16:08
96 : 2022-10-04 06:33:31,307 : INFO : telemetry.note : Update the note mtime to 2022-10-04 06:33:31.307424
364 : 2022-10-04 06:48:49,745 : INFO : telemetry.main : Attempt start. Configuration directory [/home/malebo/.azure].
364 : 2022-10-04 06:48:49,746 : INFO : telemetry.check : Returns Positive.
364 : 2022-10-04 06:48:49,746 : DEBUG : telemetry.note : acquiring lock
364 : 2022-10-04 06:48:49,746 : DEBUG : telemetry.note : acquired lock
364 : 2022-10-04 06:48:49,746 : INFO : telemetry.note : Update the note mtime to 2022-10-04 06:48:49.746664
364 : 2022-10-04 06:48:49,748 : INFO : telemetry.note : Read timestamp from the note. The last send was 2022-10-03 13:16:08.
364 : 2022-10-04 06:48:49,749 : INFO : telemetry.records : No cache to be uploaded.
364 : 2022-10-04 06:48:49,749 : INFO : telemetry.client : Accumulated 0 events. Flush the clients.
364 : 2022-10-04 06:48:49,749 : INFO : telemetry.note : Update the last send in note to 2022-10-03 13:16:08
364 : 2022-10-04 06:48:49,750 : INFO : telemetry.note : Update the note mtime to 2022-10-04 06:48:49.750055
450 : 2022-10-04 07:00:26,738 : INFO : telemetry.main : Attempt start. Configuration directory [/home/malebo/.azure].
450 : 2022-10-04 07:00:26,738 : INFO : telemetry.check : Returns Positive.
450 : 2022-10-04 07:00:26,738 : DEBUG : telemetry.note : acquiring lock
450 : 2022-10-04 07:00:26,738 : DEBUG : telemetry.note : acquired lock
450 : 2022-10-04 07:00:26,738 : INFO : telemetry.note : Update the note mtime to 2022-10-04 07:00:26.738854
450 : 2022-10-04 07:00:26,741 : INFO : telemetry.note : Read timestamp from the note. The last send was 2022-10-03 13:16:08.
450 : 2022-10-04 07:00:26,742 : INFO : telemetry.records : No cache to be uploaded.
450 : 2022-10-04 07:00:26,742 : INFO : telemetry.client : Accumulated 0 events. Flush the clients.
450 : 2022-10-04 07:00:26,742 : INFO : telemetry.note : Update the last send in note to 2022-10-03 13:16:08
450 : 2022-10-04 07:00:26,742 : INFO : telemetry.note : Update the note mtime to 2022-10-04 07:00:26.742686
505 : 2022-10-04 07:15:34,802 : INFO : telemetry.main : Attempt start. Configuration directory [/home/malebo/.azure].
505 : 2022-10-04 07:15:34,803 : INFO : telemetry.check : Returns Positive.
505 : 2022-10-04 07:15:34,803 : DEBUG : telemetry.note : acquiring lock
505 : 2022-10-04 07:15:34,803 : DEBUG : telemetry.note : acquired lock
505 : 2022-10-04 07:15:34,803 : INFO : telemetry.note : Update the note mtime to 2022-10-04 07:15:34.803525
505 : 2022-10-04 07:15:34,805 : INFO : telemetry.note : Read timestamp from the note. The last send was 2022-10-03 13:16:08.
505 : 2022-10-04 07:15:34,806 : INFO : telemetry.records : No cache to be uploaded.
505 : 2022-10-04 07:15:34,806 : INFO : telemetry.client : Accumulated 0 events. Flush the clients.
505 : 2022-10-04 07:15:34,806 : INFO : telemetry.note : Update the last send in note to 2022-10-03 13:16:08
505 : 2022-10-04 07:15:34,806 : INFO : telemetry.note : Update the note mtime to 2022-10-04 07:15:34.806842
572 : 2022-10-04 07:43:48,274 : INFO : telemetry.main : Attempt start. Configuration directory [/home/malebo/.azure].
572 : 2022-10-04 07:43:48,274 : INFO : telemetry.check : Returns Positive.
572 : 2022-10-04 07:43:48,274 : DEBUG : telemetry.note : acquiring lock
572 : 2022-10-04 07:43:48,274 : DEBUG : telemetry.note : acquired lock
572 : 2022-10-04 07:43:48,275 : INFO : telemetry.note : Update the note mtime to 2022-10-04 07:43:48.275092
572 : 2022-10-04 07:43:48,277 : INFO : telemetry.note : Read timestamp from the note. The last send was 2022-10-03 13:16:08.
572 : 2022-10-04 07:43:48,278 : INFO : telemetry.records : No cache to be uploaded.
572 : 2022-10-04 07:43:48,278 : INFO : telemetry.client : Accumulated 0 events. Flush the clients.
572 : 2022-10-04 07:43:48,278 : INFO : telemetry.note : Update the last send in note to 2022-10-03 13:16:08
572 : 2022-10-04 07:43:48,278 : INFO : telemetry.note : Update the note mtime to 2022-10-04 07:43:48.278624
631 : 2022-10-04 08:06:47,424 : INFO : telemetry.main : Attempt start. Configuration directory [/home/malebo/.azure].
631 : 2022-10-04 08:06:47,424 : INFO : telemetry.check : Returns Positive.
631 : 2022-10-04 08:06:47,424 : DEBUG : telemetry.note : acquiring lock
631 : 2022-10-04 08:06:47,424 : DEBUG : telemetry.note : acquired lock
631 : 2022-10-04 08:06:47,425 : INFO : telemetry.note : Update the note mtime to 2022-10-04 08:06:47.425069
631 : 2022-10-04 08:06:47,427 : INFO : telemetry.note : Read timestamp from the note. The last send was 2022-10-03 13:16:08.
631 : 2022-10-04 08:06:47,433 : INFO : telemetry.records : No cache to be uploaded.
631 : 2022-10-04 08:06:47,433 : INFO : telemetry.client : Accumulated 0 events. Flush the clients.
631 : 2022-10-04 08:06:47,433 : INFO : telemetry.note : Update the last send in note to 2022-10-03 13:16:08
631 : 2022-10-04 08:06:47,433 : INFO : telemetry.note : Update the note mtime to 2022-10-04 08:06:47.433957
659 : 2022-10-04 08:20:02,372 : INFO : telemetry.main : Attempt start. Configuration directory [/home/malebo/.azure].
659 : 2022-10-04 08:20:02,372 : INFO : telemetry.check : Returns Positive.
659 : 2022-10-04 08:20:02,372 : DEBUG : telemetry.note : acquiring lock
659 : 2022-10-04 08:20:02,373 : DEBUG : telemetry.note : acquired lock
659 : 2022-10-04 08:20:02,373 : INFO : telemetry.note : Update the note mtime to 2022-10-04 08:20:02.373199
659 : 2022-10-04 08:20:02,383 : INFO : telemetry.note : Read timestamp from the note. The last send was 2022-10-03 13:16:08.
659 : 2022-10-04 08:20:02,383 : INFO : telemetry.records : No cache to be uploaded.
659 : 2022-10-04 08:20:02,383 : INFO : telemetry.client : Accumulated 0 events. Flush the clients.
659 : 2022-10-04 08:20:02,384 : INFO : telemetry.note : Update the last send in note to 2022-10-03 13:16:08
659 : 2022-10-04 08:20:02,384 : INFO : telemetry.note : Update the note mtime to 2022-10-04 08:20:02.384067
712 : 2022-10-04 09:27:26,638 : INFO : telemetry.main : Attempt start. Configuration directory [/home/malebo/.azure].
712 : 2022-10-04 09:27:26,638 : INFO : telemetry.check : Returns Positive.
712 : 2022-10-04 09:27:26,638 : DEBUG : telemetry.note : acquiring lock
712 : 2022-10-04 09:27:26,638 : DEBUG : telemetry.note : acquired lock
712 : 2022-10-04 09:27:26,638 : INFO : telemetry.note : Update the note mtime to 2022-10-04 09:27:26.638780
712 : 2022-10-04 09:27:26,640 : INFO : telemetry.note : Read timestamp from the note. The last send was 2022-10-03 13:16:08.
712 : 2022-10-04 09:27:26,640 : INFO : telemetry.records : No cache to be uploaded.
712 : 2022-10-04 09:27:26,640 : INFO : telemetry.client : Accumulated 0 events. Flush the clients.
712 : 2022-10-04 09:27:26,640 : INFO : telemetry.note : Update the last send in note to 2022-10-03 13:16:08
712 : 2022-10-04 09:27:26,641 : INFO : telemetry.note : Update the note mtime to 2022-10-04 09:27:26.641001
94 : 2022-10-04 10:38:32,777 : INFO : telemetry.main : Attempt start. Configuration directory [/home/malebo/.azure].
94 : 2022-10-04 10:38:32,806 : INFO : telemetry.check : Returns Positive.
94 : 2022-10-04 10:38:32,806 : DEBUG : telemetry.note : acquiring lock
94 : 2022-10-04 10:38:32,806 : DEBUG : telemetry.note : acquired lock
94 : 2022-10-04 10:38:32,807 : INFO : telemetry.note : Update the note mtime to 2022-10-04 10:38:32.806974
94 : 2022-10-04 10:38:32,817 : INFO : telemetry.note : Read timestamp from the note. The last send was 2022-10-03 13:16:08.
94 : 2022-10-04 10:38:32,818 : INFO : telemetry.records : No cache to be uploaded.
94 : 2022-10-04 10:38:32,818 : INFO : telemetry.client : Accumulated 0 events. Flush the clients.
94 : 2022-10-04 10:38:32,818 : INFO : telemetry.note : Update the last send in note to 2022-10-03 13:16:08
94 : 2022-10-04 10:38:32,818 : INFO : telemetry.note : Update the note mtime to 2022-10-04 10:38:32.818523
95 : 2022-10-05 06:56:37,955 : INFO : telemetry.main : Attempt start. Configuration directory [/home/malebo/.azure].
95 : 2022-10-05 06:56:37,995 : INFO : telemetry.check : Returns Positive.
95 : 2022-10-05 06:56:37,995 : DEBUG : telemetry.note : acquiring lock
95 : 2022-10-05 06:56:37,995 : DEBUG : telemetry.note : acquired lock
95 : 2022-10-05 06:56:37,996 : INFO : telemetry.note : Update the note mtime to 2022-10-05 06:56:37.996073
95 : 2022-10-05 06:56:38,019 : INFO : telemetry.note : Read timestamp from the note. The last send was 2022-10-03 13:16:08.
95 : 2022-10-05 06:56:38,020 : INFO : telemetry.records : 1 cache files to move.
95 : 2022-10-05 06:56:38,020 : INFO : telemetry.records : Create temp folder /tmp/tmph__oq3rj
95 : 2022-10-05 06:56:38,480 : INFO : telemetry.records : Move file /home/malebo/.azure/telemetry/cache to /tmp/tmph__oq3rj/cache
95 : 2022-10-05 06:56:38,481 : INFO : telemetry.records : Processed file /tmp/tmph__oq3rj/cache into 21 records.
95 : 2022-10-05 06:56:38,482 : INFO : telemetry.records : Remove directory /tmp/tmph__oq3rj
95 : 2022-10-05 06:56:38,484 : INFO : telemetry.client : Accumulated 21 events. Flush the clients.
95 : 2022-10-05 06:56:38,484 : INFO : telemetry.client : Flush client c4395b75-49cc-422c-bc95-c7d51aef5d46.
95 : 2022-10-05 06:56:38,604 : INFO : telemetry.sender : Sending 76906 bytes
95 : 2022-10-05 06:56:38,605 : INFO : telemetry.sender : Finish uploading in 0.119619 seconds.
95 : 2022-10-05 06:56:38,605 : INFO : telemetry.note : Update the last send in note to 2022-10-05 06:56:38
95 : 2022-10-05 06:56:38,605 : INFO : telemetry.note : Update the note mtime to 2022-10-05 06:56:38.605831
